[   0.0000] Initializing cgroup subsys cpuset
[    0.000000] Initiazing cgroup subsys cpu
[    0.000000] Initializing cgroup subsys cpuacct
[   0.000000] Linux version 4.4.0-128-generic (buildd@lcy01-amd64-019) (gcc version 5.4.0 20160609 (Ubuntu 5.4.0-6ubuntu1~16.04.9) ) #154-Ubuntu SMP Fri May 25 14:15:18 UTC 2018 (Ubuntu 4.4.0-128.154-generic 4.4.131)
[    0.000000] Command line: BOOT_IMAGE=/boot/vmlinuz-4.4.0-128-generic root=LABEL=cloudimg-rootfs ro console=tty1 console=ttyS0
[    0.00000 KRNE sported cpus:
[  0000000]   Intel GenuineIntel
[    0.000000]   AMD AuthenticAMD
[   0.000000]   Centaur CentaurHauls
[    0.000000] x86/fpu: xstate_offset[2]:  576, xstate_sizes[2]:  256
[  0.000000] x86/fpu: Supporting XSAVE feature 0x01: 'x87 floating point registers'
[    0.000000] x86/fpu: Supporting XSAVE feature 0x02: 'SSE registers'
[    0.000000] x86/fpu: Supporting XSAVE feature 0x04: 'AVX registers'
[    0.000000] x86/fpu: Enabled xstate features 0x7, context size is 832 bytes, using 'standard' format.
[    0.00000 x6/fu:Usin 'az' PUontext switches.
[    0.000000] e820: BIOS-provided physical RAM map:
[   00000 BIOS-e820: [mem 0x0000000000000000-0x0000000000099fbf]usable
   0.000000] BIOS-e820: [mem 0x000000000009fc00-0x000000000009ffff] reserved
[    0.000000] BIOS-e820: [mem 0x00000000000f0000-0x00000000000fffff] reserved
[   00000] BIOS-e820: [mem 0x0000000000100000-0x000000003ffeffff] usable
[    0.000000] BIOS-e820: [mem 0x000000003fff0000-0x000000003fffffff] ACPI data
[    0.000000] BIOS-e820: [mem 0x00000000fec00000-0x000000fec00fff]eserved
[    0.000000] BIOS-e820: [mem 0x00000000fee00000-0x00000000fee00fff] reserved
[    0.000000] BIOS-e820: [mem 0x000000ff0000-0x00000000ffffffff] reserved
[    0.000000] NX (Execute Disable) protection: active
[    0.000000] SMBIOS 2.5 present.
[    0.000000] Hypervisor detected: KVM
[   .0000] e820: last_pfn = 0x3fff0 max_arch_pfn = 0x400000000
[    0.000000] MTRR: Disabled
[    0.000000] x86/PAT: MTRRs disabled, skipping PAT initialiatonoo
[    000000] CPU MTRRs all blank - virtualized system.
[  0.000000] x86/PAT: Configuration [0-7]: WB  WT  UC- UC  WB  WT  UC- UC  
[    0.000000] found SMP MP-table at [mem 0x0009fff0-0x0009ffff] mapped at [ffff88000009fff0]
[  0.00000 Scanning 1 areas for low memory corruption
[  0000000] RAMDISK: [mem 0x36a9e000-0x37546fff]
[  0.00000] ACPI: Early table checksum verification disabled
[   0.00000] ACPI: RSDP 0x00000000000E0000 000024 (v02 VBOX  )
[  0000000] ACPI: XSDT 0x000000003FFF0030 00003C (v01 VBOX   VBOXXSDT 00000001 ASL  00000061)
[    0.000000] ACPI:ACP 0x000000003FFF00F0 0000F4 (v04 VBOX   VBOXFACP 00000001 ASL  00000061)
[    0.000000]ACI: DSDT 0x000000003FFF0470 0021FF (v02 VBOX   VBOXBIOS 00000002 INTL 20100528)
[    0.000000] ACPI: FACS 0x000000003FFF0200 000040
[    0.000000] ACPI: FACS 0x000000003FFF0200 000040
[    0.000000] ACPI: APIC 0x000000003FFF0240 00005C (v02 VBOX   VBOXAPIC 00000001 ASL  00000061)
[    0.000000] ACPI: SSDT 0x000000003FFF02A0 0001C (v01 VBOX   VBOXCPUT 00000002 INTL 20100528)
[   0.0000] No NUMA configuration found

[    0.000000] Faking a node at [mem 0x0000000000000000-0x000000003ffeffff]
[    0.000000] NODE_DATA(0) allocated [mem 0x3ffeb00-0x3ffeffff]
[    0.00000 kvm-cloock Usi msrs 4b4d01 and 4b564d00
[    0.000000] kvm-clock: cpu 0, msr 0:3ffe3001, primary cpu clock
[    0.000000] kvm-clock: using sched offset of 3646277169 cycles
[    0.000000] clocksource: kvm-clock: mask: 0xffffffffffffffff max_cycles: 0x1cd42e4dffb, max_idle_ns: 881590591483 ns
[    0.000000] Zone ranges:
[    0.000000]   DMA      [mem 0x0000000000001000-0x0000000000ffffff]
[    0.000000]   DMA32    [mem 0x0000000001000000-0x000000003ffeffff]
[    0.000000]   Normal   empty
[    0.000000]   Device   empty
[    0.000000] Movable zone start for each node
[    0.000000] Early memory node ranges
[    0.000000]   node   0: [mem 0x0000000000001000-0x000000000009efff]
[    0.000000]   node   0: [mem 0x0000000000100000-0x000000003ffeffff]
[    0.000000] Initmem setup noe 0 [mem 0x0000000000001000-0x000000003ffeffff]
[   0.000000] ACPI: PM-Timer IO Port: 0x4008
[    0.000000] IOAPIC[0]: apic_id 2, version 32, address 0xfec00000, GSI 0-23
[    0.000000] ACPI: INT_SRC_OVR (bus 0 bus_irq 0 global_irq 2 dfl dfl)
[    0.000000] ACPI: INT_SRCOVR(bs 0 bus_irq 9 global_irq 9 low level)
[  0000000] Using ACPI (MADT) for SMP configuration information
[  0.000000] smpboot: Allowing 2 CPUs, 0 hotplug CPUs
[  0.000000] PM: Registered nosave memory: [mem 0x00000000-0x00000fff]
[  0.000000] PM: Registered nosave memory: [mem 0x0009f000-0x0009ffff]
[  0.000000] PM: Registered nosave memory: [mem 0x000a0000-0x000effff]
[    0.000000] PM: Registered nosave memory: [mem 0x000f0000-0x000fffff]
[    0.000000] e820: [mem 0x40000000-0xfebfffff] available for PCI devices
[    0.000000] Booting paravirtualized kernel on KVM
[    0.000000] clocksource: refined-jiffies: mask: 0xffffffff max_cycles: 0xffffffff, max_idle_ns: 7645519600211568 ns
[    0.000000] setup_percpu: NR_CPUS:512 nr_cpumask_bits:512 nr_cpu_ids:2 nr_node_ids:1
[    0.000000] PERCPU: Embedded 34 pages/cpu @ffff88003fc00000 s99544 r8192 d31528 u1048576
[    0.000000] PV qspinlock hash table entries: 256 (order: 0, 4096 bytes)
[    0.000000] Built 1 zonelists in Node order, mobility grouping on.  Total pages: 257912
[    0.000000] Policy zone: DMA32
[    0.000000] Kernel command line: BOOT_IMAGE=/boot/vmlinuz-4.4.0-128-generic root=LABEL=cloudimg-rootfs ro console=tty1 console=ttyS0
[    0.000000] PID hash table entries: 406 order: 3, 32768 bytes)
[  0.000000] Memory: 1001604K/1048120K available (8541K kernel code, 1313K rwdata, 4000K rodata, 1512K init, 1316K bss, 46516K reserved, 0K cma-reserved)
[  0.000000] SLUB: HWalign=64, Order=0-3, MinObjects=0, CPUs=2, Nodes=1
[    0.000000] Kernel/User page tables isolation: enabled
[   0.000000] Hierarchical RCU implementation.
[    0.000000] 	Build-time adjustment of leaf fanout to 64.
[    00000] RCU restricting CPUs from NR_CPUS=512 to nr_cpu_ids=2.
[    0.000000] RCU: Adjusting geometry for rcu_fanout_leaf=64, nr_cpu_ids=2
[    0.000000] NR_IRQS:33024 nr_irqs:440 16
[    0.000000] Console: colour VGA+ 80x25
[    0.000000] console [tty1] enabled
[    0.000000] console [ttyS0] enabled
[    0.000000] tsc: Detected 2294.770 MHz processor
[  3.478114] Calibrating delay loop (skipped) preset value.. 4589.54 BogoMIPS (lpj=9179080)
[    3.559441] pid_max: default: 32768 minimum: 301
[    3.566856] ACPI: Core revision 20150930
[    3.569534] ACPI: 2 ACPI AML tables successfully acquired and loaded
[    3.581973] Security Framework initialized
[    3.600474] Yama: becoming mindful.
[    3.607211] AppArmor: AppArmor initialized
[    3.622287] Dentry cache hash table entries: 131072 (order: 8, 1048576 bytes)
[    3.634908] Inode-cache hash table entries: 65536 (order: 7, 524288 bytes)
[    3.641689] Mount-cache hash table entries: 2048 (order: 2, 16384 bytes)
[    3.650743] Mountpoint-cache hash table entries: 2048 (order: 2, 16384 bytes)
[    3.653033] Initializing cgroup subsys io
[    3.654821] Initializing cgroup subsys memory
[    3.656639] Initializing cgroup subsys devices
[    3.658394] Initializing cgroup subsys freezer
[    3.659805] Initializing cgroup subsys net_cls
[    3.661387] Initializing cgroup subsys perf_event
[    3.663395] Initializing cgroup subsys net_prio
[    3.665306] Initializing cgroup subsys hugetlb
[    3.667135] Initializing cgroup subsys pids
[    3.669013] CPU: Physical Processor ID: 0
[    3.670734] CPU: Processor Core ID: 0
[    3.672327] mce: CPU supports 0 MCE banks
[    3.679482] Last level iTLB entries: 4KB 512, 2MB 8, 4MB 8
[    3.757837] Last level dTLB entries: 4KB 512, 2MB 32, 4MB 32, 1GB 0
[    3.798745] Spectre V2 : Mitigation: Full generic retpoline
[    3.803324] Spectre V2 : Speculation control IBPB not-supported IBRS not-supported
[    3.818076] Speculative Store Bypass: Vulnerable
[    3.837369] Freeing SMP alternatives memory: 32K
[    3.865609] ftrace: allocating 32236 entries in 126 pages
[    3.946576] smpboot: APIC(0) Converting physical 0 to logical package 0
[    3.962493] smpboot: Max logical packages: 1
[    3.971350] x2apic enabled
[    3.978308] Switched APIC routing to physical x2apic.
[    3.986608] ..TIMER: vector=0x30 apic1=0 pin1=2 apic2=-1 pin2=-1
[    4.109909] smpboot: CPU0: Intel(R) Core(TM) i5-2415M CPU @ 2.30GHz (family: 0x6, model: 0x2a, stepping: 0x7)
[    4.124227] Performance Events: unsupported p6 CPU model 42 no PMU driver, software events only.
[    4.127226] KVM setup paravirtual spinlock
[    4.141442] x86: Booting SMP configuration:
[    4.150319] .... node  #0, CPUs:      #1
[    4.186482] kvm-clock: cpu 1, msr 0:3ffe3041, secondary cpu clock
[    4.190469] mce: CPU supports 0 MCE banks
[    4.193390] x86: Booted up 1 node, 2 CPUs
[    4.200500] smpboot: Total of 2 processors activated (9179.08 BogoMIPS)
[    4.208979] devtmpfs: initialized
[    4.216187] evm: security.selinux
[    4.227245] evm: security.SMACK64
[    4.235191] evm: security.SMACK64EXEC
[    4.244181] evm: security.SMACK64TRANSMUTE
[    4.252452] evm: security.SMACK64MMAP
[    4.253726] evm: security.ima
[    4.266974] evm: security.capability
[    4.278819] clocksource: jiffies: mask: 0xffffffff max_cycles: 0xffffffff, max_idle_ns: 7645041785100000 ns
[    4.281760] futex hash table entries: 512 (order: 3, 32768 bytes)
[    4.300584] pinctrl core: initialized pinctrl subsystem
[    4.308057] RTC time: 21:11:19, date: 06/20/18
[    4.323881] NET: Registered protocol family 16
[    4.342199] cpuidle: using governor ladder
[    4.366115] cpuidle: using governor menu
[    4.373590] PCCT header not found.
[    4.378547] ACPI: bus type PCI registered
[    4.385203] acpiphp: ACPI Hot Plug PCI Controller Driver version: 0.5
[    4.388569] PCI: Using configuration type 1 for base access
[    4.404457] ACPI: Added _OSI(Module Device)
[    4.408165] ACPI: Added _OSI(Processor Device)
[    4.410253] ACPI: Added _OSI(3.0 _SCP Extensions)
[    4.418651] ACPI: Added _OSI(Processor Aggregator Device)
[    4.428127] ACPI: Executed 1 blocks of module-level executable AML code
[    4.461672] ACPI: Interpreter enabled
[    4.464111] ACPI: (supports S0 S5)
[    4.470955] ACPI: Using IOAPIC for interrupt routing
[    4.478100] PCI: Using host bridge windows from ACPI; if necessary, use "pci=nocrs" and report a bug
[    4.492357] ACPI: PCI Root Bridge [PCI0] (domain 0000 [bus 00-ff])
[    4.500964] acpi PNP0A03:00: _OSC: OS supports [ASPM ClockPM Segments MSI]
[    4.508646] acpi PNP0A03:00: _OSC: not requesting OS control; OS requires [ExtendedConfig ASPM ClockPM MSI]
[    4.521498] acpi PNP0A03:00: fail to add MMCONFIG information, can't access extended PCI configuration space under this bridge.
[    4.530990] PCI host bridge to bus 0000:00
[    4.550053] pci_bus 0000:00: root bus resource [io  0x0000-0x0cf7 window]
[    4.577227] pci_bus 0000:00: root bus resource [io  0x0d00-0xffff window]
[    4.584579] pci_bus 0000:00: root bus resource [mem 0x000a0000-0x000bffff window]
[    4.600432] pci_bus 0000:00: root bus resource [mem 0x40000000-0xfdffffff window]
[    4.617836] pci_bus 0000:00: root bus resource [bus 00-ff]
[    4.623541] pci 0000:00:01.1: legacy IDE quirk: reg 0x10: [io  0x01f0-0x01f7]
[    4.637651] pci 0000:00:01.1: legacy IDE quirk: reg 0x14: [io  0x03f6]
[    4.640767] pci 0000:00:01.1: legacy IDE quirk: reg 0x18: [io  0x0170-0x0177]
[    4.659177] pci 0000:00:01.1: legacy IDE quirk: reg 0x1c: [io  0x0376]
[    4.688783] pci 0000:00:07.0: quirk: [io  0x4000-0x403f] claimed by PIIX4 ACPI
[    4.697359] pci 0000:00:07.0: quirk: [io  0x4100-0x410f] claimed by PIIX4 SMB
[    4.708446] ACPI: PCI Interrupt Link [LNKA] (IRQs 5 9 10 *11)
[    4.731185] ACPI: PCI Interrupt Link [LNKB] (IRQs 5 9 *10 11)
[    4.752075] ACPI: PCI Interrupt Link [LNKC] (IRQs 5 *9 10 11)
[    4.770037] ACPI: PCI Interrupt Link [LNKD] (IRQs 5 9 10 *11)
[    4.794866] ACPI: Enabled 2 GPEs in block 00 to 07
[    4.812654] vgaarb: setting as boot device: PCI:0000:00:02.0
[    4.823431] vgaarb: device added: PCI:0000:00:02.0,decodes=io+mem,owns=io+mem,locks=none
[    4.841693] vgaarb: loaded
[    4.844128] vgaarb: bridge control possible 0000:00:02.0
[    4.846633] SCSI subsystem initialized
[    4.848513] ACPI: bus type USB registered
[    4.850276] usbcore: registered new interface driver usbfs
[    4.852472] usbcore: registered new interface driver hub
[    4.859068] usbcore: registered new device driver usb
[    4.863105] PCI: Using ACPI for IRQ routing
[    4.870654] NetLabel: Initializing
[    4.872217] NetLabel:  domain hash size = 128
[    4.876403] NetLabel:  protocols = UNLABELED CIPSOv4
[    4.880314] NetLabel:  unlabeled traffic allowed by default
[    4.882690] amd_nb: Cannot enumerate AMD northbridges
[    4.962527] clocksource: Switched to clocksource kvm-clock
[    5.032620] AppArmor: AppArmor Filesystem Enabled
[    5.044492] pnp: PnP ACPI init
[    5.047339] pnp: PnP ACPI: found 3 devices
[    5.068300] clocksource: acpi_pm: mask: 0xffffff max_cycles: 0xffffff, max_idle_ns: 2085701024 ns
[    5.091780] NET: Registered protocol family 2
[    5.093675] TCP established hash table entries: 8192 (order: 4, 65536 bytes)
[    5.097853] TCP bind hash table entries: 8192 (order: 5, 131072 bytes)
[    5.109254] TCP: Hash tables configured (established 8192 bind 8192)
[    5.133977] UDP hash table entries: 512 (order: 2, 16384 bytes)
[    5.143239] UDP-Lite hash table entries: 512 (order: 2, 16384 bytes)
[    5.161056] NET: Registered protocol family 1
[    5.178319] pci 0000:00:00.0: Limiting direct PCI/PCI transfers
[    5.193925] pci 0000:00:01.0: Activating ISA DMA hang workarounds
[    5.196862] Unpacking initramfs...
[    715806] Freeing initrdmemory: 10916K

[    7.457118] RAPL PMU detected, API unit is 2^-32 Joules, 3 ix cntrs 10737418240 ms ovfl timer
[  739715] hw unit of domain pp0-core 2^-0 Joules

[    7.760682] hw unit of domain package 2^-0 Joules
[    7.763979] hw unit of domain pp1-gpu 2^-0 Joules
[    7.765620] platform rtc_cmos: registered platform RTC device (no PNP device found)
[    7.773787] Scanning for low memory corruption every 60 seconds
[    7.787683] audit: initializing netlink subsys (disabled)
[    7.789368] audit: type=2000 audit(1529529084.360:1): initialized
[    7.801153] Initialise system trusted keyring
[    7.803377] HugeTLB registered 2 MB page size, pre-allocated 0 pages
[    7.812132] zbud: loaded
[    7.820340] VFS: Disk quotas dquot_6.6.0
[    7.831705] VFS: Dquot-cache hash table entries: 512 (order 0, 4096 bytes)
[    7.837852] squashfs: version 4.0 (2009/01/31) Phillip Lougher
[    7.849557] fuse init (API version 7.23)
[    7.853799] Key type big_key registered
[    7.859889] Allocating IMA MOK and blacklist keyrings.
[    7.864544] Key type asymmetric registered
[    7.867722] Asymmetric key parser 'x509' registered
[    7.880493] Block layer SCSI generic (bsg) driver version 0.4 loaded (major 249)
[    7.894716] io scheduler noop registered
[    7.895968] io scheduler deadline registered (default)
[    7.904271] io scheduler cfq registered
[    7.918070] pci_hotplug: PCI Hot Plug PCI Core version: 0.5
[    7.920903] pciehp: PCI Express Hot Plug Controller Driver version: 0.4
[    7.932373] ACPI: AC Adapter [AC] (on-line)
[    7.939574] input: Power Button as /devices/LNXSYSTM:00/LNXPWRBN:00/input/input0
[    7.941922] ACPI: Power Button [PWRF]
[    7.956446] input: Sleep Button as /devices/LNXSYSTM:00/LNXSLPBN:00/input/input1
[    7.966040] ACPI: Sleep Button [SLPF]
[    7.974664] GHES: HEST is not enabled!
[    7.974944] ACPI: Battery Slot [BAT0] (battery present)
[    7.980251] Serial: 8250/16550 driver, 32 ports, IRQ sharing enabled
[    8.041314] 00:02: ttyS0 at I/O 0x3f8 (irq = 4, base_baud = 115200) is a 16550A
[  8452]in agpgat terface v0.103

[    8.439819] loop: module loaded
[    8.452719] scsi host0: ata_piix
[    8.455959] scsi host1: ata_piix
[    8.457137] ata1: PATA max UDMA/33 cmd 0x1f0 ctl 0x3f6 bmdma 0xd000 irq 14
[    8.459158] ata2: PATA max UDMA/33 cmd 0x170 ctl 0x376 bmdma 0xd008 irq 15
[    8.472556] libphy: Fixed MDIO Bus: probed
[    8.484478] tun: Universal TUN/TAP device driver, 1.6
[    8.486230] tun: (C) 1999-2004 Max Krasnyansky <maxk@qualcomm.com>
[    8.488173] PPP generic driver version 2.4.2
[    8.498194] ehci_hcd: USB 2.0 'Enhanced' Host Controller (EHCI) Driver
[    8.545529] ehci-pci: EHCI PCI platform driver
[    8.549453] ehci-platform: EHCI generic platform driver
[    8.561126] ohci_hcd: USB 1.1 'Open' Host Controller (OHCI) Driver
[    8.568604] ohci-pci: OHCI PCI platform driver
[    8.574081] ohci-platform: OHCI generic platform driver
[    8.582873] uhci_hcd: USB Universal Host Controller Interface driver
[    8.588461] i8042: PNP: PS/2 Controller [PNP0303:PS2K,PNP0f03:PS2M] at 0x60,0x64 irq 1,12
[    8.608138] serio: i8042 KBD port at 0x60,0x64 irq 1
[    8.615532] serio: i8042 AUX port at 0x60,0x64 irq 12
[    8.617245] mousedev: PS/2 mouse device common for all mice
[    8.621699] input: AT Translated Set 2 keyboard as /devices/platform/i8042/serio0/input/input2
[    8.630088] rtc_cmos rtc_cmos: rtc core: registered rtc_cmos as rtc0
[    8.638471] rtc_cmos rtc_cmos: alarms up to one day, 114 bytes nvram
[    8.642871] i2c /dev entries driver
[    8.648584] device-mapper: uevent: version 1.0.3
[    8.651359] device-mapper: ioctl: 4.34.0-ioctl (2015-10-28) initialised: dm-devel@redhat.com
[    8.691578] ledtrig-cpu: registered to indicate activity on CPUs
[    8.730063] NET: Registered protocol family 10
[    8.732917] NET: Registered protocol family 17
[    8.734362] Key type dns_resolver registered
[    8.736907] registered taskstats version 1
[    8.738258] Loading compiled-in X.509 certificates
[    8.740981] Loaded X.509 cert 'Build time autogenerated kernel key: fc7b57a7df019f2655f66a8a374d74ee8f4999fc'
[    8.762966] tsc: Refined TSC clocksource calibration: 2294.887 MHz
[    8.762970] clocksource: tsc: mask: 0xffffffffffffffff max_cycles: 0x211456fe4a0, max_idle_ns: 440795243628 ns
[    8.881218] zswap: loaded using pool lzo/zbud
[    8.885575] Key type trusted registered
[    8.925133] Key type encrypted registered
[    8.942384] AppArmor: AppArmor sha1 policy hashing enabled
[    8.960255] ima: No TPM chip found, activating TPM-bypass!
[    8.979520] evm: HMAC attrs: 0x1
[    8.990622]   Magic number: 6:348:197
[    9.000227] acpi PNP0100:00: hash matches
[    9.040821] rtc_cmos rtc_cmos: setting system clock to 2018-06-20 21:11:24 UTC (1529529084)
[    9.045569] BIOS EDD facility v0.16 2004-Jun-25, 0 devices found
[    9.063529] EDD information not available.
[    9.068057] Freeing unused kernel memory: 1512K
[    9.178704] Write protecting the kernel read-only data: 14336k
[    9.210869] Freeing unused kernel memory: 1688K
[    9.247133] Freeing unused kernel memory: 96K
Loading, please wait...
[    9.267987] random: systemd-udevd: uninitialized urandom read (16 bytes read, 3 bits of entropy available)
starting version[    9.268854] random: udevadm: uninitialized urandom read (16 bytes read, 3 bits of entropy available)
 229
[    9.268887] random: udevadm: uninitialized urandom read (16 bytes read, 3 bits of entropy available)
[    9.285938] random: udevadm: uninitialized urandom read (16 bytes read, 3 bits of entropy available)
[    9.286080] random: udevadm: uninitialized urandom read (16 bytes read, 3 bits of entropy available)
[    9.286379] random: udevadm: uninitialized urandom read (16 bytes read, 3 bits of entropy available)
[    9.286481] random: udevadm: uninitialized urandom read (16 bytes read, 3 bits of entropy available)
[    9.286578] random: udevadm: uninitialized urandom read (16 bytes read, 3 bits of entropy available)
[    9.286742] random: udevadm: uninitialized urandom read (16 bytes read, 3 bits of entropy available)
[    9.286843] random: udevadm: uninitialized urandom read (16 bytes read, 3 bits of entropy available)
[    9.705661] e1000: Intel(R) PRO/1000 Network Driver - version 7.3.21-k8-NAPI
[    9.820233] e1000: Copyright (c) 1999-2006 Intel Corporation.
[    9.841806] Fusion MPT base driver 3.04.20
[    9.845578] Copyright (c) 1999-2008 LSI Corporation
[    9.904720] Fusion MPT SPI Host driver 3.04.20
[    9.935412] AVX version of gcm_enc/dec engaged.
[    9.963370] AES CTR mode by8 optimization enabled
[   10.060331] input: ImExPS/2 Generic Explorer Mouse as /devices/platform/i8042/serio1/input/input4
[   10.303230] e1000 0000:00:03.0 eth0: (PCI:33MHz:32-bit) 02:9b:76:7a:0b:4d
[   10.323150] e1000 0000:00:03.0 eth0: Intel(R) PRO/1000 Network Connection
[   10.327685] e1000 0000:00:03.0 enp0s3: renamed from eth0
[   10.345513] mptbase: ioc0: Initiating bringup
[   10.435761] ioc0: LSI53C1030 A0: Capabilities={Initiator}
[   10.615282] scsi host2: ioc0: LSI53C1030 A0, FwRev=00000000h, Ports=1, MaxQ=256, IRQ=20
[   10.731472] scsi 2:0:0:0: Direct-Access     VBOX     HARDDISK         1.0  PQ: 0 ANSI: 5
[   10.739058] scsi target2:0:0: Beginning Domain Validation
[   10.764329] scsi target2:0:0: Domain Validation skipping write tests
[   10.766171] scsi target2:0:0: Ending Domain Validation
[   10.786658] scsi target2:0:0: asynchronous
[   10.791303] scsi 2:0:1:0: Direct-Access     VBOX     HARDDISK         1.0  PQ: 0 ANSI: 5
[   10.793980] scsi target2:0:1: Beginning Domain Validation
[   10.801204] scsi target2:0:1: Domain Validation skipping write tests
[   10.803085] scsi target2:0:1: Ending Domain Validation
[   11.113289] scsi target2:0:1: asynchronous
[   11.125727] sd 2:0:0:0: [sda] 20971520 512-byte logical blocks: (10.7 GB/10.0 GiB)
[   11.129945] sd 2:0:0:0: Attached scsi generic sg0 type 0
[   11.132815] sd 2:0:0:0: [sda] Write Protect is off
[   11.140703] sd 2:0:1:0: [sdb] 20480 512-byte logical blocks: (10.5 MB/10.0 MiB)
[   11.140815] sd 2:0:1:0: Attached scsi generic sg1 type 0
[   11.151039] sd 2:0:0:0: [sda] Incomplete mode parameter data
[   11.151041] sd 2:0:0:0: [sda] Assuming drive cache: write through
[   11.152923]  sda: sda1
[   11.154030] sd 2:0:0:0: [sda] Attached SCSI disk
[   11.321012] sd 2:0:1:0: [sdb] Write Protect is off
[   11.328522] sd 2:0:1:0: [sdb] Incomplete mode parameter data
[   11.349891] sd 2:0:1:0: [sdb] Assuming drive cache: write through
[   11.369323] sd 2:0:1:0: [sdb] Attached SCSI disk
Begin: Loading e[   12.982372] md: linear personality registered for level -1
ssential drivers[   13.039280] md: multipath personality registered for level -4
 ... [   13.083830] md: raid0 personality registered for level 0
[   13.090818] md: raid1 personality registered for level 1
[   13.184184] raid6: sse2x1   gen()  6229 MB/s
[   13.254705] raid6: sse2x1   xor()  5394 MB/s
[   13.322566] raid6: sse2x2   gen()  8811 MB/s
[   13.402959] raid6: sse2x2   xor()  4341 MB/s
[   13.538768] raid6: sse2x4   gen()  8957 MB/s
[   13.648658] raid6: sse2x4   xor()  7281 MB/s
[   13.663164] raid6: using algorithm sse2x4 gen() 8957 MB/s
[   13.680177] raid6: .... xor() 7281 MB/s, rmw enabled
[   13.690194] raid6: using ssse3x2 recovery algorithm
[   13.695707] xor: automatically using best checksumming function:
[   13.742793]    avx       : 15787.000 MB/sec
[   13.755751] async_tx: api initialized (async)
[   13.800765] md: raid6 personality registered for level 6
[   13.835641] md: raid5 personality registered for level 5
[   13.856992] md: raid4 personality registered for level 4
[   13.942791] md: raid10 personality registered for level 10
done.
Begin: Running /scripts/init-premount ... done.
Begin: Mounting root file system ... Begin: Running /scripts/local-top ... done.
Begin: Running /scripts/local-premount ... [   14.012912] Btrfs loaded
Scanning for Btrfs filesystems
done.
Warning: fsck not present, so skipping root file system
[   14.059732] EXT4-fs (sda1): INFO: recovery required on readonly filesystem
[   14.065427] EXT4-fs (sda1): write access will be enabled during recovery
[   14.179762] EXT4-fs (sda1): orphan cleanup on readonly fs
[   14.346683] EXT4-fs (sda1): 1 orphan inode deleted
[   14.348172] EXT4-fs (sda1): recovery complete
[   14.356130] EXT4-fs (sda1): mounted filesystem with ordered data mode. Opts: (null)
done.
Begin: Running /scripts/local-bottom ... done.
Begin: Running /scripts/init-bottom ... done.
[   14.533382] systemd[1]: systemd 229 running in system mode. (+PAM +AUDIT +SELINUX +IMA +APPARMOR +SMACK +SYSVINIT +UTMP +LIBCRYPTSETUP +GCRYPT +GNUTLS +ACL +XZ -LZ4 +SECCOMP +BLKID +ELFUTILS +KMOD -IDN)
[   14.546855] systemd[1]: Detected virtualization oracle.
[   14.551820] systemd[1]: Detected architecture x86-64.

Welcome to [1mUbuntu 16.04.4 LTS[0m!

[   14.561532] systemd[1]: Set hostname to <ubuntu-xenial>.
[  1844191] systemd[1]: Set up automount Arbitrary Executable File Formats File System Automount Point.
[[0;32m  OK  [0m] Set up automount Arbitrary Executab...ats File System Automount Point.
[ 15494] systemd1]Lieng  /v/itctl Compatibility Named Pipe.

[[0;32m  OK  [0m] Listening on /dev/initctl Compatibility Named Pipe.
[   15.743094] systemd[1]: Listening on LVM2 metadata daemon socket.
[[0;32m  OK  [0m] Listening on LVM2 metadata daemon socket.
[   15.749146] systemd[1]: Created slice User and Session Slice.
[[0;32m  OK  [0m] Created slice User and Session Slice.
[   15.784837] systemd[1]: Reached target System Time Synchronized.
[[0;32m  OK  [0m] Reached target System Time Synchronized.
[ 16199]ystemd[1]: Reached target Swap.
[[0;32m  OK  [0m] Reached target Swap.
[ 1679530] systemd[1]: Listening on udev Kernel Socket.
[[0;32m  OK  [0m] Listening on udev Kernel Socket.
[   16.547980] systemd[1]: Reached target Encrypted Volumes.
[[0;32m  OK  [0m] Reached target Encrypted Volumes.
[   1.709721] systemd[1]: Reached target User and Group Name Lookups.
[[0;32m  OK  [0m] Reached target User and Group Name Lookups.
[   16.808291] systemd[1]: Started Forward Password Requests to Wall Directory Watch.
[[0;32m  OK  [0m] Started Forward Password Requests to Wall Directory Watch.
[   16.856877] systemd[1]: Started Trigger resolvconf update for networkd DNS.
[[0;32m  OK  [0m] Started Trigger resolvconf update for networkd DNS.
[   17.348420] systmd[: Created slice System Slice.
[[0;32m  OK  [0m] Created slice System Slice.
[   17.455183] systemd[1]: Reached target Slices.
[[0;32m  OK  [0m] Reached target Slices.
[   17.736142] systemd[1]: Created slice system-serial\x2dgetty.slice.
[[0;32m  OK  [0m] Created slice system-serial\x2dgetty.slice.
[   17.733] std[: Listening on LVM2 poll daemon socket.
[[0;32m  OK  [0m] Listening on LVM2 poll daemon socket.
[   13400syemd[1]: Listening on Syslog Socket.
[[0;32m  OK  [0m] Listening on Syslog Socket.
[   18.726330] systemd[1]: Listening on Journal Socket (/dev/log).
[[0;32m  OK  [0m] Listening on Journal Socket (/dev/log).
[   18.782698] systemd[1]: Listening on Journal Audit Socket.
[[0;32m  OK  [0m] Listening on Journal Audit Socket.
[ 19551] systemd[1]: Listening on Device-mapper event daemon FIFOs.
[[0;32m  OK  [0m] Listening on Device-mapper event daemon FIFOs.
[  9.4056]ysmd[1]: Listening on Jonal Sockt.
[[0;32m  OK  [0m] Listening on Journal Socket.
[   19.803905] systemd[1]: Starting Create list of required static device nodes for the current kernel...
         Starting Create list of required st... nodes for the current kernel...
[   19.851444] systemd[1]: Starting Journal Service...
         Starting Journal Service...
[   19.880269] systemd[1]: Mounting Huge Pages File System...
         Mounting Huge Pages File System...
[   19.907784] systemd[1]: Starting Remount Root and Kernel File Systems...
[   19.912475] EXT4-fs (sda1): re-mounted. Opts: (null)
         Starting Remount Root and Kernel File Systems...
[   19.958791] systemd[1]: Starting Load Kernel Modules...
         Starting Load Kernel Modules...
[   19.971338] Loading iSCSI transport class v2.0-870.
[   19.972143] systemd[1]: Starting Nameserver information manager...
         Starting Nameserver information manager...
[   19.987878] iscsi: registered transport (tcp)
[   19.996286] random: nonblocking pool is initialized
[   20.001404] systemd[1]: Starting Set console keymap...
         Starting Set console keymap...
[   20.034211] iscsi: registered transport (iser)
[   20.050996] systemd[1]: Mounting Debug File System...
         Mounting Debug File System...
[   20.087070] systemd[1]: Starting Monitoring of LVM2 mirrors, snapshots etc. using dmeventd or progress polling...
         Starting Monitoring of LVM2 mirrors... dmeventd or progress polling...
[   20.116665] systemd[1]: Mounting POSIX Message Queue File System...
         Mounting POSIX Message Queue File System...
[   20.171441] systemd[1]: Starting Uncomplicated firewall...
         Starting Uncomplicated firewall...
[   20.183078] systemd[1]: Listening on udev Control Socket.
[[0;32m  OK  [0m] Listening on udev Control Socket.
[   20.361144] systemd[1]: Mounted POSIX Message Queue File System.
[[0;32m  OK  [0m] Mounted POSIX Message Queue File System.
[   20.378990] systemd[1]: Mounted Debug File System.
[[0;32m  OK  [0m] Mounted Debug File System.
[   20.403191] systemd[1]: Mounted Huge Pages File System.
[[0;32m  OK  [0m] Mounted Huge Pages File System.
[   20.412930] systemd[1]: Started Journal Service.
[[0;32m  OK  [0m] Started Journal Service.
[[0;32m  OK  [0m] Started Create list of required sta...ce nodes for the current kernel.
[[0;32m  OK  [0m] Started Remount Root and Kernel File Systems.
[[0;32m  OK  [0m] Started Load Kernel Modules.
[[0;32m  OK  [0m] Started Set console keymap.
[[0;32m  OK  [0m] Started Uncomplicated firewall.
[[0;32m  OK  [0m] Started Nameserver information manager.
[[0;32m  OK  [0m] Started LVM2 metadata daemon.
         Starting Apply Kernel Variables...
         Mounting FUSE Control File System...
         Starting udev Coldplug all Devices...
         Starting Load/Save Random Seed...
         Starting Create Static Device Nodes in /dev...
         Starting Flush Journal to Persistent Storage...
[[0;32m  OK  [0m] Mounted FUSE Control File System.
[[0;32m  OK  [0m] Started Apply Kernel Variables.
[[0;32m  OK  [0m] Started Monitoring of LVM2 mirrors,...ng dmeventd or progress polling.
[[0;32m  OK  [0m] Started Load/Save Random Seed.
[[0;32m  OK  [0m] Started Create Static Device Nodes in /dev.
[[0;32m  OK  [0m] Started udev Coldplug all Devices.
[[0;32m  OK  [0m] Started Flush Journal to Persistent Storage.
         Starting udev Kernel Device Manager...
[[0;32m  OK  [0m] Started udev Kernel Device Manager.
[[0;32m  OK  [0m] Started Dispatch Password Requests to Console Directory Watch.
[[0;32m  OK  [0m] Reached target Local File Systems (Pre).
[[0;32m  OK  [0m] Reached target Local File Systems.
         Starting LSB: AppArmor initialization...
         Starting Create Volatile Files and Directories...
         Starting Initial cloud-init job (pre-networking)...
         Starting Set console font and keymap...
         Starting Tell Plymouth To Write Out Runtime Data...
[[0;32m  OK  [0m] Started Create Volatile Files and Directories.
[[0;32m  OK  [0m] Started Tell Plymouth To Write Out Runtime Data.
[[0;32m  OK  [0m] Found device /dev/ttyS0.
         Starting Update UTMP about System Boot/Shutdown...
[[0;32m  OK  [0m] Started LSB: AppArmor initialization.
[[0;32m  OK  [0m] Started Update UTMP about System Boot/Shutdown.
[[0;32m  OK  [0m] Listening on Load/Save RF Kill Switch Status /dev/rfkill Watch.
[[0;32m  OK  [0m] Found device 82540EM Gigabit Ethern...r (PRO/1000 MT Desktop Adapter).
[   18.606361] cloud-init[483]: Cloud-init v. 18.2 running 'init-local' at Wed, 20 Jun 2018 21:11:37 +0000. Up 18.20 seconds.
[[0;32m  OK  [0m] Started Initial cloud-init job (pre-networking).
[[0;32m  OK  [0m] Reached target Network (Pre).
         Starting Raise network interfaces...
[[0;32m  OK  [0m] Started ifup for enp0s3.
[[0;32m  OK  [0m] Started Set console font and keymap.
[[0;32m  OK  [0m] Created slice system-getty.slice.
[[0;32m  OK  [0m] Started Raise network interfaces.
[[0;32m  OK  [0m] Reached target Network.
         Starting Initial cloud-init job (metadata service crawler)...
[   19.963498] cloud-init[986]: Cloud-init v. 18.2 running 'init' at Wed, 20 Jun 2018 21:11:39 +0000. Up 19.52 seconds.
[   19.974742] cloud-init[986]: ci-info: +++++++++++++++++++++++++++++++++++++Net device info+++++++++++++++++++++++++++++++++++++
[   19.984047] cloud-init[986]: ci-info: +--------+------+---------------------------+---------------+-------+-------------------+
[   19.989957] cloud-init[986]: ci-info: | Device |  Up  |          Address          |      Mask     | Scope |     Hw-Address    |
[   19.995679] cloud-init[986]: ci-info: +--------+------+---------------------------+---------------+-------+-------------------+
[   20.007466] cloud-init[986]: ci-info: | enp0s3 | True |         10.0.2.15         | 255.255.255.0 |   .   | 02:9b:76:7a:0b:4d |
[   20.058576] cloud-init[986]: ci-info: | enp0s3 | True | fe80::9b:76ff:fe7a:b4d/64 |       .       |  link | 02:9b:76:7a:0b:4d |
[   20.072860] cloud-init[986]: ci-info: |   lo   | True |         127.0.0.1         |   255.0.0.0   |   .   |         .         |
[   20.087366] cloud-init[986]: ci-info: |   lo   | True |          ::1/128          |       .       |  host |         .         |
[   20.105116] cloud-init[986]: ci-info: +--------+------+---------------------------+---------------+-------+-------------------+
[   20.122570] cloud-init[986]: ci-info: +++++++++++++++++++++++++++Route IPv4 info++++++++++++++++++++++++++++
[   20.138118] cloud-init[986]: ci-info: +-------+-------------+----------+---------------+-----------+-------+
[   20.176532] cloud-init[986]: ci-info: | Route | Destination | Gateway  |    Genmask    | Interface | Flags |
[   20.177212] cloud-init[986]: ci-info: +-------+-------------+----------+---------------+-----------+-------+
[[0;32m  OK  [0m] Started Initial cloud-init job (metadata service crawler).
[   20.177675] cloud-init[986]: ci-info: |   0   |   0.0.0.0   | 10.0.2.2 |    0.0.0.0    |   enp0s3  |   UG  |
[   20.398674] cloud-init[986]: ci-info: |   1   |   10.0.2.0  | 0.0.0.0  | 255.255.255.0 |   enp0s3  |   U   |
[   20.399511] cloud-init[986]: ci-info: +-------+-------------+----------+---------------+-----------+-------+
[[0;32m  OK  [0m] Reached target Network is Online.
         Starting iSCSI initiator daemon (iscsid)...
[[0;32m  OK  [0m] Reached target System Initialization.
         Starting Socket activation for snappy daemon.
[[0;32m  OK  [0m] Started Daily Cleanup of Temporary Directories.
[[0;32m  OK  [0m] Listening on UUID daemon activation socket.
[[0;32m  OK  [0m] Listening on ACPID Listen Socket.
         Starting LXD - unix socket.
[[0;32m  OK  [0m] Listening on D-Bus System Message Bus Socket.
[[0;32m  OK  [0m] Started ACPI Events Check.
[[0;32m  OK  [0m] Reached target Paths.
[[0;32m  OK  [0m] Started Daily apt download activities.
[[0;32m  OK  [0m] Started Daily apt upgrade and clean activities.
[[0;32m  OK  [0m] Reached target Timers.
[[0;32m  OK  [0m] Reached target Cloud-config availability.
[[0;32m  OK  [0m] Listening on Socket activation for snappy daemon.
[[0;32m  OK  [0m] Listening on LXD - unix socket.
[[0;32m  OK  [0m] Started iSCSI initiator daemon (iscsid).
         Starting Login to default iSCSI targets...
[[0;32m  OK  [0m] Reached target Sockets.
[[0;32m  OK  [0m] Reached target Basic System.
         Starting LSB: MD monitoring daemon...
         Starting /etc/rc.local Compatibility...
         Starting Virtualbox guest utils...
         Starting LXD - container startup/shutdown...
         Starting Apply the settings specified in cloud-config...
         Starting Snappy daemon...
         Starting Accounts Service...
[[0;32m  OK  [0m] Started D-Bus System Message Bus.
[[0;32m  OK  [0m] Started Unattended Upgrades Shutdown.
[[0;32m  OK  [0m] Started ACPI event daemon.
         Starting LSB: Record successful boot for GRUB...
         Starting OpenBSD Secure Shell server...
[[0;32m  OK  [0m] Started Deferred execution scheduler.
[[0;32m  OK  [0m] Started FUSE filesystem for LXC.
         Starting Login Service...
[[0;32m  OK  [0m] Started Regular background program processing daemon.
         Starting System Logging Service...
[[0;32m  OK  [0m] Started OpenBSD Secure Shell server.
[[0;32m  OK  [0m] Started System Logging Service.
[[0;32m  OK  [0m] Started /etc/rc.local Compatibility.
[[0;32m  OK  [0m] Started LXD - container startup/shutdown.
[[0;32m  OK  [0m] Started Snappy daemon.
[[0;32m  OK  [0m] Started Login to default iSCSI targets.
[[0;32m  OK  [0m] Started LSB: MD monitoring daemon.
[[0;32m  OK  [0m] Started LSB: Record successful boot for GRUB.
[[0;32m  OK  [0m] Started Virtualbox guest utils.
[[0;32m  OK  [0m] Started Login Service.
         Starting Authenticate and Authorize Users to Run Privileged Tasks...
[[0;32m  OK  [0m] Reached target Remote File Systems (Pre).
[[0;32m  OK  [0m] Reached target Remote File Systems.
         Starting LSB: automatic crash report generation...
         Starting LSB: Set the CPU Frequency Scaling governor to "ondemand"...
         Starting LSB: daemon to balance interrupts for SMP systems...
         Starting Permit User Sessions...
         Starting Wait until snapd is fully seeded...
[[0;32m  OK  [0m] Started Permit User Sessions.
[[0;32m  OK  [0m] Started Authenticate and Authorize Users to Run Privileged Tasks.
[[0;32m  OK  [0m] Started Wait until snapd is fully seeded.
[[0;32m  OK  [0m] Started Accounts Service.
[   22.166321] cloud-init[1060]: Cloud-init v. 18.2 running 'modules:config' at Wed, 20 Jun 2018 21:11:41 +0000. Up 21.95 seconds.
[[0;32m  OK  [0m] Started LSB: automatic crash report generation.
[[0;32m  OK  [0m] Started LSB: Set the CPU Frequency Scaling governor to "ondemand".
[[0;32m  OK  [0m] Started Apply the settings specified in cloud-config.
[[0;32m  OK  [0m] Started LSB: daemon to balance interrupts for SMP systems.
         Starting Hold until boot process finishes up...
         Starting Terminate Plymouth Boot Screen...
[[0;32m  OK  [0m] Started Hold until boot process finishes up.
[[0;32m  OK  [0m] Started Terminate Plymouth Boot Screen.
         Starting Set console scheme...
[[0;32m  OK  [0m] Started Getty on tty1.
[[0;32m  OK  [0m] Started Serial Getty on ttyS0.
[[0;32m  OK  [0m] Reached target Login Prompts.
[[0;32m  OK  [0m] Reached target Multi-User System.
[[0;32m  OK  [0m] Reached target Graphical Interface.
         Starting Update UTMP about System Runlevel Changes...
         Starting Execute cloud user/final scripts...
[[0;32m  OK  [0m] Started Set console scheme.
[[0;32m  OK  [0m] Started Update UTMP about System Runlevel Changes.
[   23.198042] cloud-init[1223]: Cloud-init v. 18.2 running 'modules:final' at Wed, 20 Jun 2018 21:11:42 +0000. Up 23.00 seconds.
[   23.226333] cloud-init[1223]: Cloud-init v. 18.2 finished at Wed, 20 Jun 2018 21:11:42 +0000. Datasource DataSourceNoCloud [seed=/dev/sdb][dsmode=net].  Up 23.19 seconds
[[0;32m  OK  [0m] Started Execute cloud user/final scripts.
         Starting Daily apt download activities...
[[0;32m  OK  [0m] Reached target Cloud-init target.
[[0;32m  OK  [0m] Created slice User Slice of vagrant.
         Starting User Manager for UID 1000...
[[0;32m  OK  [0m] Started Session 1 of user vagrant.
[[0;32m  OK  [0m] Started User Manager for UID 1000.

Ubuntu 16.04.4 LTS ubuntu-xenial ttyS0

ubuntu-xenial login: [[0;32m  OK  0[[0;32m  OK  [0m] Stopped Wait until snapd is fully seeded.
         Stopping Snappy daemon...
         Stopping Deferred execution scheduler...
         Stopping LSB: automatic crash report generation...
         Stopping Regular background program processing daemon...
         Stopping LSB: MD monitoring daemon...
         Stopping LXD - container startup/shutdown...
         Stopping LSB: Record successful boot for GRUB...
[[0;32m  OK  [0m] Stopped Apply the settings specified in cloud-config.
[[0;32m  OK  [0m] Stopped target Cloud-config availability.
         Stopping Virtualbox guest utils...
         Stopping Unattended Upgrades Shutdown...
[[0;32m  OK  [0m] Unmounted /var/lib/lxcfs.
[[0;32m  OK  [0m] Stopped Snappy daemon.
[[0;32m  OK  [0m] SSopped Accounts Service.
[[0;32m  OK  [0m] Stopped ACPI event daemon.
[[0;32m  OK  [0m] Stopped OpenBSD Secure Shell server.
[[0;32m  OK  [0m] Stopped Deferred execution scheduler.
[[0;32m  OK  [0m] Stopped Regular background program processing daemon.
[[0;32m  OK  [0m] Stopped System Logging Service.
[[0;32m  OK  [0m] Stopped Authenticate and Authorize Users to Run Privileged Tasks.
[[0;32m  OK  [0m] Stopped Getty on tty1.
[[0;32m  OK  [0m] Stopped Serial Getty on ttyS0.
[[0;32m  OK  [0m] Stopped User Manager for UID 1000.
[[0;32m  OK  [0m] Stopped Session 5 of user vagrant.
[[0;32m  OK  [0m] Stopped D-Bus System Message Bus.
[[0;32m  OK  [0m] Stopped Unattended Upgrades Shutdown.
[[0;32m  OK  [0m] Stopped FUSE filesystem for LXC.
[[0;32m  OK  [0m] Stopped LSB: Set the CPU Frequency Scaling governor to "ondemand".
[[0;32m  OK  [0m] Stopped LSB: daemon to balance interrupts for SMP systems.
[[0;32m  OK  [0m] Stopped LSB: automatic crash report generation.
[[0;32m  OK  [0m] Stopped LSB: MD monitoring daemon.
[[0;32m  OK  [0m] Stopped LXD - container startup/shutdown.
[[0;32m  OK  [0m] Stopped LSB: Record successful boot for GRUB.
[[0;32m  OK  [0m] Stopped Virtualbox guest utils.
[[0;32m  OK  [0m] Removed slice User Slice of vagrant.
         Stopping Login Service...
[[0;32m  OK  [0m] Removed slice system-serial\x2dgetty.slice.
[[0;32m  OK  [0m] Removed slice system-getty.slice.
         Stopping Permit User Sessions...
[[0;32m  OK  [0m] Stopped /etc/rc.local Compatibility.
[[0;32m  OK  [0m] Stopped Permit User Sessions.
[[0;32m  OK  [0m] Stopped Login Service.
[[0;32m  OK  [0m] Stopped target Remote File Systems.
[[0;32m  OK  [0m] Stopped target Remote File Systems (Pre).
         Stopping Login to default iSCSI targets...
[[0;32m  OK  [0m] Stopped target Basic System.
[[0;32m  OK  [0m] Stopped target Paths.
[[0;32m  OK  [0m] Stopped Forward Password Requests to Wall Directory Watch.
[[0;32m  OK  [0m] Stopped Dispatch Password Requests to Console Directory Watch.
[[0;32m  OK  [0m] Stopped ACPI Events Check.
[[0;32m  OK  [0m] Stopped target Slices.
[[0;32m  OK  [0m] Removed slice User and Session Slice.
[[0;32m  OK  [0m] Stopped target Sockets.
[[0;32m  OK  [0m] Closed ACPID Listen Socket.
[[0;32m  OK  [0m] Closed Socket activation for snappy daemon.
[[0;32m  OK  [0m] Closed Syslog Socket.
[[0;32m  OK  [0m] Closed LXD - unix socket.
[[0;32m  OK  [0m] Closed UUID daemon activation socket.
[[0;32m  OK  [0m] Closed D-Bus System Message Bus Socket.
[[0;32m  OK  [0m] Stopped target System Initialization.
[[0;32m  OK  [0m] Stopped target Encrypted Volumes.
[[0;32m  OK  [0m] Stopped target Swap.
         Stopping Load/Save Random Seed...
         Stopping Update UTMP about System Boot/Shutdown...
[[0;32m  OK  [0m] Stopped target User and Group Name Lookups.
[[0;32m  OK  [0m] Stopped Load/Save Random Seed.
[[0;32m  OK  [0m] Stopped Login to default iSCSI targets.
[[0;32m  OK  [0m] Stopped Update UTMP about System Boot/Shutdown.
[[0;32m  OK  [0m] Stopped Create Volatile Files and Directories.
         Stopping iSCSI initiator daemon (iscsid)...
[[0;32m  OK  [0m] Stopped iSCSI initiator daemon (iscsid).
[[0;32m  OK  [0m] Stopped target Network is Online.
[[0;32m  OK  [0m] Stopped Initial cloud-init job (metadata service crawler).
[[0;32m  OK  [0m] Stopped target Network.
         Stopping Raise network interfaces...
[[0;32m  OK  [0m] Stopped Raise network interfaces.
[[0;32m  OK  [0m] Stopped target Network (Pre).
[[0;32m  OK  [0m] Stopped Initial cloud-init job (pre-networking).
[[0;32m  OK  [0m] Stopped target Local File Systems.
         Unmounting /home/vagrant/Dropbox/sheldon...
         Unmounting /vagrant...
         Unmounting /run/user/1000...
[[0;32m  OK  [0m] Stopped Apply Kernel Variables.
[[0;32m  OK  [0m] Stopped Load Kernel Modules.
[[0;32m  OK  [0m] Unmounted /home/vagrant/Dropbox/sheldon.
[[0;32m  OK  [0m] Unmounted /vagrant.
[[0;32m  OK  [0m] Unmounted /run/user/1000.
[[0;32m  OK  [0m] Reached target Unmount All Filesystems.
[[0;32m  OK  [0m] Stopped target Local File Systems (Pre).
[[0;32m  OK  [0m] Stopped Remount Root and Kernel File Systems.
[[0;32m  OK  [0m] Stopped Create Static Device Nodes in /dev.
[[0;32m  OK  [0m] Reached target Shutdown.
[ 1359.861355] reboot: Power down
